<?xml version="1.0" encoding="UTF-8"?>
<!-- Generated by org.testng.reporters.JUnitXMLReporter -->
<testsuite ignored="0" hostname="DESKTOP-3J82O7A" failures="0" tests="7" name="Test" time="62.986" errors="0" timestamp="2025-02-21T14:54:46 IST">
  <testcase classname="TestCaseExecution1.Dws" name="amazon" time="4.777"/>
  <testcase classname="TestCaseExecution1.Dws" name="dws" time="4.827"/>
  <testcase classname="TestCaseExecution1.Dws" name="flipkart" time="5.478"/>
  <testcase classname="TestCaseExecution2.Facebook" name="facebook" time="3.879"/>
  <testcase classname="TestCaseExecution1.Csk" name="csk" time="13.128"/>
  <testcase classname="TestCaseExecution2.RoyalEnfield" name="royalEnfield" time="11.051"/>
  <testcase classname="TestCaseExecution1.Rcb" name="rcb" time="19.781"/>
</testsuite> <!-- Test -->
