<?xml version="1.0" encoding="UTF-8"?>
<!-- Generated by org.testng.reporters.JUnitXMLReporter -->
<testsuite ignored="1" hostname="DESKTOP-3J82O7A" failures="1" tests="2" name="Default test(failed)(failed)" time="18.27" errors="0" timestamp="2025-02-14T14:19:03 IST">
  <testcase classname="extentReportMethod.UsingListeners" name="main2" time="1.056">
    <failure type="org.testng.internal.thread.ThreadTimeoutException" message="Method extentReportMethod.UsingListeners.main2() didn&amp;apos;t finish within the time-out 1000">
      <![CDATA[org.testng.internal.thread.ThreadTimeoutException: Method extentReportMethod.UsingListeners.main2() didn't finish within the time-out 1000
at java.base/java.lang.Thread.sleepNanos0(Native Method)
at java.base/java.lang.Thread.sleepNanos(Thread.java:496)
at java.base/java.lang.Thread.sleep(Thread.java:527)
at extentReportMethod.UsingListeners.main2(UsingListeners.java:18)
at java.base/java.util.concurrent.FutureTask.run(FutureTask.java:317)
at java.base/java.util.concurrent.ThreadPoolExecutor.runWorker(ThreadPoolExecutor.java:1144)
at java.base/java.util.concurrent.ThreadPoolExecutor$Worker.run(ThreadPoolExecutor.java:642)
at java.base/java.lang.Thread.run(Thread.java:1575)
... Removed 6 stack frames]]>
    </failure>
  </testcase> <!-- main2 -->
  <testcase classname="extentReportMethod.UsingListeners" name="main3" time="0.0">
    <skipped/>
  </testcase> <!-- main3 -->
  <testcase classname="extentReportMethod.UsingListeners" name="main1" time="0.0">
    <ignored/>
  </testcase> <!-- main1 -->
</testsuite> <!-- Default test(failed)(failed) -->
