<?xml version="1.0" encoding="UTF-8"?>
<testng-results ignored="0" total="7" passed="7" failed="0" skipped="0">
  <reporter-output>
  </reporter-output>
  <suite started-at="2025-02-21T14:53:43 IST" name="Suite" finished-at="2025-02-21T14:54:46 IST" duration-ms="62986">
    <groups>
      <group name="regrastion">
        <method signature="Dws.amazon()[pri:0, instance:TestCaseExecution1.Dws@3eb25e1a]" name="amazon" class="TestCaseExecution1.Dws"/>
        <method signature="Dws.dws()[pri:0, instance:TestCaseExecution1.Dws@3eb25e1a]" name="dws" class="TestCaseExecution1.Dws"/>
        <method signature="Dws.flipkart()[pri:0, instance:TestCaseExecution1.Dws@3eb25e1a]" name="flipkart" class="TestCaseExecution1.Dws"/>
      </group> <!-- regrastion -->
      <group name="smoke">
        <method signature="Csk.csk()[pri:0, instance:TestCaseExecution1.Csk@6f03482]" name="csk" class="TestCaseExecution1.Csk"/>
      </group> <!-- smoke -->
    </groups>
    <test started-at="2025-02-21T14:53:43 IST" name="Test" finished-at="2025-02-21T14:54:46 IST" duration-ms="62986">
      <class name="TestCaseExecution1.Rcb">
        <test-method signature="rcb()[pri:0, instance:TestCaseExecution1.Rcb@179ece50]" started-at="2025-02-21T14:54:27 IST" name="rcb" finished-at="2025-02-21T14:54:46 IST" duration-ms="19781" status="PASS">
          <reporter-output>
          </reporter-output>
        </test-method> <!-- rcb -->
      </class> <!-- TestCaseExecution1.Rcb -->
      <class name="TestCaseExecution1.Dws">
        <test-method signature="amazon()[pri:0, instance:TestCaseExecution1.Dws@3eb25e1a]" started-at="2025-02-21T14:53:43 IST" name="amazon" finished-at="2025-02-21T14:53:48 IST" duration-ms="4777" status="PASS">
          <reporter-output>
          </reporter-output>
        </test-method> <!-- amazon -->
        <test-method signature="dws()[pri:0, instance:TestCaseExecution1.Dws@3eb25e1a]" started-at="2025-02-21T14:53:48 IST" name="dws" finished-at="2025-02-21T14:53:53 IST" duration-ms="4827" status="PASS">
          <reporter-output>
          </reporter-output>
        </test-method> <!-- dws -->
        <test-method signature="flipkart()[pri:0, instance:TestCaseExecution1.Dws@3eb25e1a]" started-at="2025-02-21T14:53:53 IST" name="flipkart" finished-at="2025-02-21T14:53:59 IST" duration-ms="5478" status="PASS">
          <reporter-output>
          </reporter-output>
        </test-method> <!-- flipkart -->
      </class> <!-- TestCaseExecution1.Dws -->
      <class name="TestCaseExecution1.Csk">
        <test-method signature="csk()[pri:0, instance:TestCaseExecution1.Csk@6f03482]" started-at="2025-02-21T14:54:02 IST" name="csk" finished-at="2025-02-21T14:54:16 IST" duration-ms="13128" status="PASS">
          <reporter-output>
          </reporter-output>
        </test-method> <!-- csk -->
      </class> <!-- TestCaseExecution1.Csk -->
      <class name="TestCaseExecution2.Facebook">
        <test-method signature="facebook()[pri:0, instance:TestCaseExecution2.Facebook@185a6e9]" started-at="2025-02-21T14:53:59 IST" name="facebook" finished-at="2025-02-21T14:54:02 IST" duration-ms="3879" status="PASS">
          <reporter-output>
          </reporter-output>
        </test-method> <!-- facebook -->
      </class> <!-- TestCaseExecution2.Facebook -->
      <class name="TestCaseExecution2.RoyalEnfield">
        <test-method signature="royalEnfield()[pri:0, instance:TestCaseExecution2.RoyalEnfield@9d5509a]" started-at="2025-02-21T14:54:16 IST" name="royalEnfield" finished-at="2025-02-21T14:54:27 IST" duration-ms="11051" status="PASS">
          <reporter-output>
          </reporter-output>
        </test-method> <!-- royalEnfield -->
      </class> <!-- TestCaseExecution2.RoyalEnfield -->
    </test> <!-- Test -->
  </suite> <!-- Suite -->
</testng-results>
